<?xml version="1.0" encoding="UTF-8"?>
<!-- Generated by org.testng.reporters.JUnitReportReporter -->
<testsuite name="Referralmaxapplication.Referralregistration" tests="1" time="36.430" ignored="0" failures="0" timestamp="18 Jul 2017 07:44:23 GMT" skipped="0" hostname="Admin-PC" errors="0">
  <testcase name="registration" time="36.430" classname="Referralmaxapplication.Referralregistration"/>
</testsuite> <!-- Referralmaxapplication.Referralregistration -->
