<?xml version="1.0" encoding="UTF-8"?>
<!-- Generated by org.testng.reporters.JUnitReportReporter -->
<testsuite name="automationMCC_Pages.Amozn" tests="3" time="0.000" ignored="0" failures="0" timestamp="01 May 2017 09:00:58 GMT" skipped="1" hostname="Admin-PC" errors="2">
  <testcase name="tearDown" time="0.000" classname="automationMCC_Pages.Amozn">
    <error type="java.lang.NullPointerException">
      <![CDATA[java.lang.NullPointerException
	at automationMCC_Pages.Amozn.tearDown(Amozn.java:33)
	at sun.reflect.NativeMethodAccessorImpl.invoke0(Native Method)
	at sun.reflect.NativeMethodAccessorImpl.invoke(Unknown Source)
	at sun.reflect.DelegatingMethodAccessorImpl.invoke(Unknown Source)
	at java.lang.reflect.Method.invoke(Unknown Source)
	at org.testng.internal.MethodInvocationHelper.invokeMethod(MethodInvocationHelper.java:104)
	at org.testng.internal.Invoker.invokeConfigurationMethod(Invoker.java:515)
	at org.testng.internal.Invoker.invokeConfigurations(Invoker.java:217)
	at org.testng.internal.Invoker.invokeConfigurations(Invoker.java:144)
	at org.testng.internal.TestMethodWorker.invokeAfterClassMethods(TestMethodWorker.java:217)
	at org.testng.internal.TestMethodWorker.run(TestMethodWorker.java:115)
	at org.testng.TestRunner.privateRun(TestRunner.java:756)
	at org.testng.TestRunner.run(TestRunner.java:610)
	at org.testng.SuiteRunner.runTest(SuiteRunner.java:387)
	at org.testng.SuiteRunner.runSequentially(SuiteRunner.java:382)
	at org.testng.SuiteRunner.privateRun(SuiteRunner.java:340)
	at org.testng.SuiteRunner.run(SuiteRunner.java:289)
	at org.testng.SuiteRunnerWorker.runSuite(SuiteRunnerWorker.java:52)
	at org.testng.SuiteRunnerWorker.run(SuiteRunnerWorker.java:86)
	at org.testng.TestNG.runSuitesSequentially(TestNG.java:1293)
	at org.testng.TestNG.runSuitesLocally(TestNG.java:1218)
	at org.testng.TestNG.runSuites(TestNG.java:1133)
	at org.testng.TestNG.run(TestNG.java:1104)
	at org.testng.remote.AbstractRemoteTestNG.run(AbstractRemoteTestNG.java:132)
	at org.testng.remote.RemoteTestNG.initAndRun(RemoteTestNG.java:236)
	at org.testng.remote.RemoteTestNG.main(RemoteTestNG.java:81)
]]>
    </error>
  </testcase> <!-- tearDown -->
  <testcase name="testAmozn" time="0.000" classname="automationMCC_Pages.Amozn">
    <skipped/>
  </testcase> <!-- testAmozn -->
  <testcase name="setUp" time="0.000" classname="automationMCC_Pages.Amozn">
    <error type="org.openqa.selenium.WebDriverException" message="Failed to connect to binary FirefoxBinary(C:\Program Files (x86)\Mozilla Firefox\firefox.exe) on port 7055; process output follows: 
:null},&quot;visible&quot;:true,&quot;active&quot;:false,&quot;userDisabled&quot;:true,&quot;appDisabled&quot;:false,&quot;descriptor&quot;:&quot;C:\\ProgramData\\Norton\\{0C55C096-0F1D-4F28-AAA2-85EF591126E7}\\NS_22.5.1.7\\coFFAddon&quot;,&quot;installDate&quot;:1491194823106,&quot;updateDate&quot;:1491194823106,&quot;applyBackgroundUpdates&quot;:1,&quot;bootstrap&quot;:true,&quot;skinnable&quot;:false,&quot;size&quot;:2227080,&quot;sourceURI&quot;:null,&quot;releaseNotesURI&quot;:null,&quot;softDisabled&quot;:false,&quot;foreignInstall&quot;:true,&quot;hasBinaryComponents&quot;:false,&quot;strictCompatibility&quot;:false,&quot;locales&quot;:[],&quot;targetApplications&quot;:[{&quot;id&quot;:&quot;{ec8030f7-c20a-464f-9b0e-13a3a9e97384}&quot;,&quot;minVersion&quot;:&quot;38.0a1&quot;,&quot;maxVersion&quot;:&quot;*&quot;}],&quot;targetPlatforms&quot;:[],&quot;multiprocessCompatible&quot;:false,&quot;signedState&quot;:2,&quot;seen&quot;:true,&quot;dependencies&quot;:[],&quot;hasEmbeddedWebExtension&quot;:false,&quot;mpcOptedOut&quot;:false,&quot;userPermissions&quot;:null}
1493629213941	DeferredSave.extensions.json	DEBUG	Save changes
1493629213941	addons.xpi	DEBUG	Updating database with changes to installed add-ons
1493629213941	addons.xpi-utils	DEBUG	Updating add-on states
1493629213942	addons.xpi-utils	DEBUG	Writing add-ons list
1493629213944	addons.xpi	DEBUG	Registering manifest for C:\Program Files (x86)\Mozilla Firefox\browser\features\aushelper@mozilla.org.xpi
1493629213944	addons.xpi	DEBUG	Calling bootstrap method startup on aushelper@mozilla.org version 2.0
1493629213946	addons.xpi	DEBUG	Registering manifest for C:\Program Files (x86)\Mozilla Firefox\browser\features\e10srollout@mozilla.org.xpi
1493629213947	addons.xpi	DEBUG	Calling bootstrap method startup on e10srollout@mozilla.org version 1.14
1493629213947	addons.xpi	DEBUG	Registering manifest for C:\Program Files (x86)\Mozilla Firefox\browser\features\firefox@getpocket.com.xpi
1493629213948	addons.xpi	DEBUG	Calling bootstrap method startup on firefox@getpocket.com version 1.0.5
1493629213948	addons.xpi	DEBUG	Registering manifest for C:\Program Files (x86)\Mozilla Firefox\browser\features\webcompat@mozilla.org.xpi
1493629213949	addons.xpi	DEBUG	Calling bootstrap method startup on webcompat@mozilla.org version 1.0
1493629213950	addons.manager	DEBUG	Registering shutdown blocker for XPIProvider
1493629213950	addons.manager	DEBUG	Provider finished startup: XPIProvider
1493629213950	addons.manager	DEBUG	Starting provider: LightweightThemeManager
1493629213950	addons.manager	DEBUG	Registering shutdown blocker for LightweightThemeManager
1493629213950	addons.manager	DEBUG	Provider finished startup: LightweightThemeManager
1493629213951	addons.manager	DEBUG	Starting provider: GMPProvider
1493629213954	addons.manager	DEBUG	Registering shutdown blocker for GMPProvider
1493629213955	addons.manager	DEBUG	Provider finished startup: GMPProvider
1493629213955	addons.manager	DEBUG	Starting provider: PluginProvider
1493629213955	addons.manager	DEBUG	Registering shutdown blocker for PluginProvider
1493629213955	addons.manager	DEBUG	Provider finished startup: PluginProvider
1493629213955	addons.manager	DEBUG	Completed startup sequence
1493629215482	addons.manager	DEBUG	Starting provider: &lt;unnamed-provider&gt;
1493629215482	addons.manager	DEBUG	Registering shutdown blocker for &lt;unnamed-provider&gt;
1493629215482	addons.manager	DEBUG	Provider finished startup: &lt;unnamed-provider&gt;
1493629215617	DeferredSave.extensions.json	DEBUG	Write succeeded
1493629215618	addons.xpi-utils	DEBUG	XPI Database saved, setting schema version preference to 19
1493629215618	DeferredSave.extensions.json	DEBUG	Starting timer
1493629215637	addons.repository	DEBUG	No addons.json found.
1493629215638	DeferredSave.addons.json	DEBUG	Save changes
1493629215640	DeferredSave.addons.json	DEBUG	Starting timer
1493629215665	addons.manager	DEBUG	Starting provider: PreviousExperimentProvider
1493629215665	addons.manager	DEBUG	Registering shutdown blocker for PreviousExperimentProvider
1493629215665	addons.manager	DEBUG	Provider finished startup: PreviousExperimentProvider
1493629215668	DeferredSave.extensions.json	DEBUG	Starting write
1493629215697	DeferredSave.addons.json	DEBUG	Starting write
1493629215699	DeferredSave.extensions.json	DEBUG	Write succeeded
1493629215711	DeferredSave.addons.json	DEBUG	Write succeeded

Build info: version: &#039;2.53.0&#039;, revision: &#039;35ae25b1534ae328c771e0856c93e187490ca824&#039;, time: &#039;2016-03-15 10:43:46&#039;
System info: host: &#039;Admin-PC&#039;, ip: &#039;192.168.3.194&#039;, os.name: &#039;Windows 7&#039;, os.arch: &#039;amd64&#039;, os.version: &#039;6.1&#039;, java.version: &#039;1.8.0_121&#039;
Driver info: driver.version: FirefoxDriver">
      <![CDATA[org.openqa.selenium.WebDriverException: Failed to connect to binary FirefoxBinary(C:\Program Files (x86)\Mozilla Firefox\firefox.exe) on port 7055; process output follows: 
:null},"visible":true,"active":false,"userDisabled":true,"appDisabled":false,"descriptor":"C:\\ProgramData\\Norton\\{0C55C096-0F1D-4F28-AAA2-85EF591126E7}\\NS_22.5.1.7\\coFFAddon","installDate":1491194823106,"updateDate":1491194823106,"applyBackgroundUpdates":1,"bootstrap":true,"skinnable":false,"size":2227080,"sourceURI":null,"releaseNotesURI":null,"softDisabled":false,"foreignInstall":true,"hasBinaryComponents":false,"strictCompatibility":false,"locales":[],"targetApplications":[{"id":"{ec8030f7-c20a-464f-9b0e-13a3a9e97384}","minVersion":"38.0a1","maxVersion":"*"}],"targetPlatforms":[],"multiprocessCompatible":false,"signedState":2,"seen":true,"dependencies":[],"hasEmbeddedWebExtension":false,"mpcOptedOut":false,"userPermissions":null}
1493629213941	DeferredSave.extensions.json	DEBUG	Save changes
1493629213941	addons.xpi	DEBUG	Updating database with changes to installed add-ons
1493629213941	addons.xpi-utils	DEBUG	Updating add-on states
1493629213942	addons.xpi-utils	DEBUG	Writing add-ons list
1493629213944	addons.xpi	DEBUG	Registering manifest for C:\Program Files (x86)\Mozilla Firefox\browser\features\aushelper@mozilla.org.xpi
1493629213944	addons.xpi	DEBUG	Calling bootstrap method startup on aushelper@mozilla.org version 2.0
1493629213946	addons.xpi	DEBUG	Registering manifest for C:\Program Files (x86)\Mozilla Firefox\browser\features\e10srollout@mozilla.org.xpi
1493629213947	addons.xpi	DEBUG	Calling bootstrap method startup on e10srollout@mozilla.org version 1.14
1493629213947	addons.xpi	DEBUG	Registering manifest for C:\Program Files (x86)\Mozilla Firefox\browser\features\firefox@getpocket.com.xpi
1493629213948	addons.xpi	DEBUG	Calling bootstrap method startup on firefox@getpocket.com version 1.0.5
1493629213948	addons.xpi	DEBUG	Registering manifest for C:\Program Files (x86)\Mozilla Firefox\browser\features\webcompat@mozilla.org.xpi
1493629213949	addons.xpi	DEBUG	Calling bootstrap method startup on webcompat@mozilla.org version 1.0
1493629213950	addons.manager	DEBUG	Registering shutdown blocker for XPIProvider
1493629213950	addons.manager	DEBUG	Provider finished startup: XPIProvider
1493629213950	addons.manager	DEBUG	Starting provider: LightweightThemeManager
1493629213950	addons.manager	DEBUG	Registering shutdown blocker for LightweightThemeManager
1493629213950	addons.manager	DEBUG	Provider finished startup: LightweightThemeManager
1493629213951	addons.manager	DEBUG	Starting provider: GMPProvider
1493629213954	addons.manager	DEBUG	Registering shutdown blocker for GMPProvider
1493629213955	addons.manager	DEBUG	Provider finished startup: GMPProvider
1493629213955	addons.manager	DEBUG	Starting provider: PluginProvider
1493629213955	addons.manager	DEBUG	Registering shutdown blocker for PluginProvider
1493629213955	addons.manager	DEBUG	Provider finished startup: PluginProvider
1493629213955	addons.manager	DEBUG	Completed startup sequence
1493629215482	addons.manager	DEBUG	Starting provider: <unnamed-provider>
1493629215482	addons.manager	DEBUG	Registering shutdown blocker for <unnamed-provider>
1493629215482	addons.manager	DEBUG	Provider finished startup: <unnamed-provider>
1493629215617	DeferredSave.extensions.json	DEBUG	Write succeeded
1493629215618	addons.xpi-utils	DEBUG	XPI Database saved, setting schema version preference to 19
1493629215618	DeferredSave.extensions.json	DEBUG	Starting timer
1493629215637	addons.repository	DEBUG	No addons.json found.
1493629215638	DeferredSave.addons.json	DEBUG	Save changes
1493629215640	DeferredSave.addons.json	DEBUG	Starting timer
1493629215665	addons.manager	DEBUG	Starting provider: PreviousExperimentProvider
1493629215665	addons.manager	DEBUG	Registering shutdown blocker for PreviousExperimentProvider
1493629215665	addons.manager	DEBUG	Provider finished startup: PreviousExperimentProvider
1493629215668	DeferredSave.extensions.json	DEBUG	Starting write
1493629215697	DeferredSave.addons.json	DEBUG	Starting write
1493629215699	DeferredSave.extensions.json	DEBUG	Write succeeded
1493629215711	DeferredSave.addons.json	DEBUG	Write succeeded

Build info: version: '2.53.0', revision: '35ae25b1534ae328c771e0856c93e187490ca824', time: '2016-03-15 10:43:46'
System info: host: 'Admin-PC', ip: '192.168.3.194', os.name: 'Windows 7', os.arch: 'amd64', os.version: '6.1', java.version: '1.8.0_121'
Driver info: driver.version: FirefoxDriver
	at org.openqa.selenium.firefox.internal.NewProfileExtensionConnection.start(NewProfileExtensionConnection.java:125)
	at org.openqa.selenium.firefox.FirefoxDriver.startClient(FirefoxDriver.java:271)
	at org.openqa.selenium.remote.RemoteWebDriver.<init>(RemoteWebDriver.java:119)
	at org.openqa.selenium.firefox.FirefoxDriver.<init>(FirefoxDriver.java:216)
	at org.openqa.selenium.firefox.FirefoxDriver.<init>(FirefoxDriver.java:211)
	at org.openqa.selenium.firefox.FirefoxDriver.<init>(FirefoxDriver.java:207)
	at org.openqa.selenium.firefox.FirefoxDriver.<init>(FirefoxDriver.java:120)
	at automationMCC_Pages.Amozn.setUp(Amozn.java:19)
	at sun.reflect.NativeMethodAccessorImpl.invoke0(Native Method)
	at sun.reflect.NativeMethodAccessorImpl.invoke(Unknown Source)
	at sun.reflect.DelegatingMethodAccessorImpl.invoke(Unknown Source)
	at java.lang.reflect.Method.invoke(Unknown Source)
	at org.testng.internal.MethodInvocationHelper.invokeMethod(MethodInvocationHelper.java:104)
	at org.testng.internal.Invoker.invokeConfigurationMethod(Invoker.java:515)
	at org.testng.internal.Invoker.invokeConfigurations(Invoker.java:217)
	at org.testng.internal.Invoker.invokeConfigurations(Invoker.java:144)
	at org.testng.internal.TestMethodWorker.invokeBeforeClassMethods(TestMethodWorker.java:169)
	at org.testng.internal.TestMethodWorker.run(TestMethodWorker.java:108)
	at org.testng.TestRunner.privateRun(TestRunner.java:756)
	at org.testng.TestRunner.run(TestRunner.java:610)
	at org.testng.SuiteRunner.runTest(SuiteRunner.java:387)
	at org.testng.SuiteRunner.runSequentially(SuiteRunner.java:382)
	at org.testng.SuiteRunner.privateRun(SuiteRunner.java:340)
	at org.testng.SuiteRunner.run(SuiteRunner.java:289)
	at org.testng.SuiteRunnerWorker.runSuite(SuiteRunnerWorker.java:52)
	at org.testng.SuiteRunnerWorker.run(SuiteRunnerWorker.java:86)
	at org.testng.TestNG.runSuitesSequentially(TestNG.java:1293)
	at org.testng.TestNG.runSuitesLocally(TestNG.java:1218)
	at org.testng.TestNG.runSuites(TestNG.java:1133)
	at org.testng.TestNG.run(TestNG.java:1104)
	at org.testng.remote.AbstractRemoteTestNG.run(AbstractRemoteTestNG.java:132)
	at org.testng.remote.RemoteTestNG.initAndRun(RemoteTestNG.java:236)
	at org.testng.remote.RemoteTestNG.main(RemoteTestNG.java:81)
Caused by: org.openqa.selenium.firefox.NotConnectedException: Unable to connect to host 127.0.0.1 on port 7055 after 45000 ms. Firefox console output:
:null},"visible":true,"active":false,"userDisabled":true,"appDisabled":false,"descriptor":"C:\\ProgramData\\Norton\\{0C55C096-0F1D-4F28-AAA2-85EF591126E7}\\NS_22.5.1.7\\coFFAddon","installDate":1491194823106,"updateDate":1491194823106,"applyBackgroundUpdates":1,"bootstrap":true,"skinnable":false,"size":2227080,"sourceURI":null,"releaseNotesURI":null,"softDisabled":false,"foreignInstall":true,"hasBinaryComponents":false,"strictCompatibility":false,"locales":[],"targetApplications":[{"id":"{ec8030f7-c20a-464f-9b0e-13a3a9e97384}","minVersion":"38.0a1","maxVersion":"*"}],"targetPlatforms":[],"multiprocessCompatible":false,"signedState":2,"seen":true,"dependencies":[],"hasEmbeddedWebExtension":false,"mpcOptedOut":false,"userPermissions":null}
1493629213941	DeferredSave.extensions.json	DEBUG	Save changes
1493629213941	addons.xpi	DEBUG	Updating database with changes to installed add-ons
1493629213941	addons.xpi-utils	DEBUG	Updating add-on states
1493629213942	addons.xpi-utils	DEBUG	Writing add-ons list
1493629213944	addons.xpi	DEBUG	Registering manifest for C:\Program Files (x86)\Mozilla Firefox\browser\features\aushelper@mozilla.org.xpi
1493629213944	addons.xpi	DEBUG	Calling bootstrap method startup on aushelper@mozilla.org version 2.0
1493629213946	addons.xpi	DEBUG	Registering manifest for C:\Program Files (x86)\Mozilla Firefox\browser\features\e10srollout@mozilla.org.xpi
1493629213947	addons.xpi	DEBUG	Calling bootstrap method startup on e10srollout@mozilla.org version 1.14
1493629213947	addons.xpi	DEBUG	Registering manifest for C:\Program Files (x86)\Mozilla Firefox\browser\features\firefox@getpocket.com.xpi
1493629213948	addons.xpi	DEBUG	Calling bootstrap method startup on firefox@getpocket.com version 1.0.5
1493629213948	addons.xpi	DEBUG	Registering manifest for C:\Program Files (x86)\Mozilla Firefox\browser\features\webcompat@mozilla.org.xpi
1493629213949	addons.xpi	DEBUG	Calling bootstrap method startup on webcompat@mozilla.org version 1.0
1493629213950	addons.manager	DEBUG	Registering shutdown blocker for XPIProvider
1493629213950	addons.manager	DEBUG	Provider finished startup: XPIProvider
1493629213950	addons.manager	DEBUG	Starting provider: LightweightThemeManager
1493629213950	addons.manager	DEBUG	Registering shutdown blocker for LightweightThemeManager
1493629213950	addons.manager	DEBUG	Provider finished startup: LightweightThemeManager
1493629213951	addons.manager	DEBUG	Starting provider: GMPProvider
1493629213954	addons.manager	DEBUG	Registering shutdown blocker for GMPProvider
1493629213955	addons.manager	DEBUG	Provider finished startup: GMPProvider
1493629213955	addons.manager	DEBUG	Starting provider: PluginProvider
1493629213955	addons.manager	DEBUG	Registering shutdown blocker for PluginProvider
1493629213955	addons.manager	DEBUG	Provider finished startup: PluginProvider
1493629213955	addons.manager	DEBUG	Completed startup sequence
1493629215482	addons.manager	DEBUG	Starting provider: <unnamed-provider>
1493629215482	addons.manager	DEBUG	Registering shutdown blocker for <unnamed-provider>
1493629215482	addons.manager	DEBUG	Provider finished startup: <unnamed-provider>
1493629215617	DeferredSave.extensions.json	DEBUG	Write succeeded
1493629215618	addons.xpi-utils	DEBUG	XPI Database saved, setting schema version preference to 19
1493629215618	DeferredSave.extensions.json	DEBUG	Starting timer
1493629215637	addons.repository	DEBUG	No addons.json found.
1493629215638	DeferredSave.addons.json	DEBUG	Save changes
1493629215640	DeferredSave.addons.json	DEBUG	Starting timer
1493629215665	addons.manager	DEBUG	Starting provider: PreviousExperimentProvider
1493629215665	addons.manager	DEBUG	Registering shutdown blocker for PreviousExperimentProvider
1493629215665	addons.manager	DEBUG	Provider finished startup: PreviousExperimentProvider
1493629215668	DeferredSave.extensions.json	DEBUG	Starting write
1493629215697	DeferredSave.addons.json	DEBUG	Starting write
1493629215699	DeferredSave.extensions.json	DEBUG	Write succeeded
1493629215711	DeferredSave.addons.json	DEBUG	Write succeeded

	at org.openqa.selenium.firefox.internal.NewProfileExtensionConnection.start(NewProfileExtensionConnection.java:113)
	... 32 more
]]>
    </error>
  </testcase> <!-- setUp -->
</testsuite> <!-- automationMCC_Pages.Amozn -->
