<?xml version="1.0" encoding="UTF-8"?>
<!-- Generated by org.testng.reporters.JUnitReportReporter -->
<testsuite name="Referralmaxapplication.Referralmaxlogin" tests="1" time="16.071" ignored="0" failures="0" timestamp="21 Jun 2017 04:50:30 GMT" skipped="0" hostname="Admin-PC" errors="0">
  <testcase name="Login" time="16.071" classname="Referralmaxapplication.Referralmaxlogin"/>
</testsuite> <!-- Referralmaxapplication.Referralmaxlogin -->
