<?xml version="1.0" encoding="UTF-8"?>
<!-- Generated by org.testng.reporters.JUnitReportReporter -->
<testsuite name="automationMCC_firstproject.NewTest" tests="1" time="15.186" ignored="0" failures="0" timestamp="08 Feb 2017 10:34:26 GMT" skipped="0" hostname="Admin-PC" errors="0">
  <testcase name="u" time="15.186" classname="automationMCC_firstproject.NewTest"/>
</testsuite> <!-- automationMCC_firstproject.NewTest -->
