<?xml version="1.0" encoding="UTF-8"?>
<!-- Generated by org.testng.reporters.JUnitReportReporter -->
<testsuite name="Referralmaxapplication.referralforgotpassword" tests="1" time="25.252" ignored="0" failures="0" timestamp="22 May 2017 10:01:42 GMT" skipped="0" hostname="Admin-PC" errors="0">
  <testcase name="forgotpassword" time="25.252" classname="Referralmaxapplication.referralforgotpassword"/>
</testsuite> <!-- Referralmaxapplication.referralforgotpassword -->
